<?xml version="1.0" encoding="UTF-8"?>
<!-- Generated by org.testng.reporters.JUnitReportReporter -->
<testsuite hostname="NE-Samuel" failures="0" tests="1" name="testng.LoginTest" time="17.849" errors="0" timestamp="04 Dec 2021 03:26:06 GMT" skipped="0">
  <testcase classname="testng.LoginTest" name="test1" time="17.849"/>
</testsuite> <!-- testng.LoginTest -->
