<?xml version="1.0" encoding="UTF-8"?>
<!-- Generated by org.testng.reporters.JUnitReportReporter -->
<testsuite hostname="NE-Samuel" failures="0" tests="1" name="testng.LoginTest" time="9.961" errors="0" timestamp="27 Nov 2021 18:27:52 GMT" skipped="0">
  <testcase classname="testng.LoginTest" name="test1" time="9.961"/>
</testsuite> <!-- testng.LoginTest -->
