<?xml version="1.0" encoding="UTF-8"?>
<!-- Generated by org.testng.reporters.JUnitReportReporter -->
<testsuite hostname="NE-Samuel" failures="0" tests="2" name="grid.GridTest" time="58.588" errors="0" timestamp="04 Dec 2021 03:26:06 GMT" skipped="0">
  <testcase classname="grid.GridTest" name="test1" time="28.230"/>
  <testcase classname="grid.GridTest" name="test2" time="30.358"/>
</testsuite> <!-- grid.GridTest -->
