<?xml version="1.0" encoding="UTF-8"?>
<!-- Generated by org.testng.reporters.JUnitReportReporter -->
<testsuite skipped="0" hostname="NE-Samuel" name="testng.LoginTest" tests="1" failures="0" timestamp="02 Dec 2021 02:50:18 GMT" time="10.950" errors="0">
  <testcase name="test1" time="10.950" classname="testng.LoginTest"/>
</testsuite> <!-- testng.LoginTest -->
